<?xml version="1.0" encoding="UTF-8"?>
<!-- Generated by org.testng.reporters.JUnitXMLReporter -->
<testsuite ignored="0" hostname="LAPTOP-Q6ISP3ON" failures="0" tests="4" name="Default test" time="0.138" errors="0" timestamp="2022-12-22T12:23:31 CST">
  <testcase classname="TestNg.TestNgDataProvider" name="Login" time="0.019"/>
  <testcase classname="TestNg.TestNgDataProvider" name="Login" time="0.003"/>
  <testcase classname="TestNg.TestNgDataProvider" name="Login" time="0.003"/>
  <testcase classname="TestNg.TestNgDataProvider" name="Login" time="0.003"/>
</testsuite> <!-- Default test -->
