<?xml version="1.0" encoding="UTF-8"?>
<testng-results ignored="0" total="4" passed="4" failed="0" skipped="0">
  <reporter-output>
  </reporter-output>
  <suite started-at="2022-12-22T12:23:30 CST" name="Default suite" finished-at="2022-12-22T12:23:30 CST" duration-ms="138">
    <groups>
    </groups>
    <test started-at="2022-12-22T12:23:30 CST" name="Default test" finished-at="2022-12-22T12:23:30 CST" duration-ms="138">
      <class name="TestNg.TestNgDataProvider">
        <test-method is-config="true" signature="Bsuite()[pri:0, instance:TestNg.TestNgDataProvider@52e6fdee]" started-at="2022-12-22T12:23:30 CST" name="Bsuite" finished-at="2022-12-22T12:23:30 CST" duration-ms="23" status="PASS">
          <reporter-output>
          </reporter-output>
        </test-method> <!-- Bsuite -->
        <test-method is-config="true" signature="Btest()[pri:0, instance:TestNg.TestNgDataProvider@52e6fdee]" started-at="2022-12-22T12:23:30 CST" name="Btest" finished-at="2022-12-22T12:23:30 CST" duration-ms="1" status="PASS">
          <reporter-output>
          </reporter-output>
        </test-method> <!-- Btest -->
        <test-method is-config="true" signature="BClass()[pri:0, instance:TestNg.TestNgDataProvider@52e6fdee]" started-at="2022-12-22T12:23:30 CST" name="BClass" finished-at="2022-12-22T12:23:30 CST" duration-ms="0" status="PASS">
          <reporter-output>
          </reporter-output>
        </test-method> <!-- BClass -->
        <test-method signature="Login(java.lang.String,java.lang.String)[pri:0, instance:TestNg.TestNgDataProvider@52e6fdee]" started-at="2022-12-22T12:23:30 CST" name="Login" data-provider="loginCredentials" finished-at="2022-12-22T12:23:30 CST" duration-ms="19" status="PASS">
          <params>
            <param index="0">
              <value>
                <![CDATA[user1]]>
              </value>
            </param>
            <param index="1">
              <value>
                <![CDATA[pwd1]]>
              </value>
            </param>
          </params>
          <reporter-output>
          </reporter-output>
        </test-method> <!-- Login -->
        <test-method signature="Login(java.lang.String,java.lang.String)[pri:0, instance:TestNg.TestNgDataProvider@52e6fdee]" started-at="2022-12-22T12:23:30 CST" name="Login" data-provider="loginCredentials" finished-at="2022-12-22T12:23:30 CST" duration-ms="3" status="PASS">
          <params>
            <param index="0">
              <value>
                <![CDATA[user1]]>
              </value>
            </param>
            <param index="1">
              <value>
                <![CDATA[pwd1]]>
              </value>
            </param>
          </params>
          <reporter-output>
          </reporter-output>
        </test-method> <!-- Login -->
        <test-method signature="Login(java.lang.String,java.lang.String)[pri:0, instance:TestNg.TestNgDataProvider@52e6fdee]" started-at="2022-12-22T12:23:30 CST" name="Login" data-provider="loginCredentials" finished-at="2022-12-22T12:23:30 CST" duration-ms="3" status="PASS">
          <params>
            <param index="0">
              <value>
                <![CDATA[user1]]>
              </value>
            </param>
            <param index="1">
              <value>
                <![CDATA[pwd1]]>
              </value>
            </param>
          </params>
          <reporter-output>
          </reporter-output>
        </test-method> <!-- Login -->
        <test-method signature="Login(java.lang.String,java.lang.String)[pri:0, instance:TestNg.TestNgDataProvider@52e6fdee]" started-at="2022-12-22T12:23:30 CST" name="Login" data-provider="loginCredentials" finished-at="2022-12-22T12:23:30 CST" duration-ms="3" status="PASS">
          <params>
            <param index="0">
              <value>
                <![CDATA[user1]]>
              </value>
            </param>
            <param index="1">
              <value>
                <![CDATA[pwd1]]>
              </value>
            </param>
          </params>
          <reporter-output>
          </reporter-output>
        </test-method> <!-- Login -->
        <test-method is-config="true" signature="AClass()[pri:0, instance:TestNg.TestNgDataProvider@52e6fdee]" started-at="2022-12-22T12:23:30 CST" name="AClass" finished-at="2022-12-22T12:23:30 CST" duration-ms="1" status="PASS">
          <reporter-output>
          </reporter-output>
        </test-method> <!-- AClass -->
        <test-method is-config="true" signature="Atest()[pri:0, instance:TestNg.TestNgDataProvider@52e6fdee]" started-at="2022-12-22T12:23:30 CST" name="Atest" finished-at="2022-12-22T12:23:30 CST" duration-ms="0" status="PASS">
          <reporter-output>
          </reporter-output>
        </test-method> <!-- Atest -->
        <test-method is-config="true" signature="Asuite()[pri:0, instance:TestNg.TestNgDataProvider@52e6fdee]" started-at="2022-12-22T12:23:31 CST" name="Asuite" finished-at="2022-12-22T12:23:31 CST" duration-ms="0" status="PASS">
          <reporter-output>
          </reporter-output>
        </test-method> <!-- Asuite -->
      </class> <!-- TestNg.TestNgDataProvider -->
    </test> <!-- Default test -->
  </suite> <!-- Default suite -->
</testng-results>
